<?xml version="1.0" encoding="UTF-8"?>
<!-- Generated by org.testng.reporters.JUnitReportReporter -->
<testsuite skipped="0" hostname="admin-PC" name="com.readexcel.WriteExcel" tests="1" failures="0" timestamp="05 Mar 2019 14:07:08 GMT" time="1.771" errors="0">
  <testcase name="write" time="1.771" classname="com.readexcel.WriteExcel"/>
</testsuite> <!-- com.readexcel.WriteExcel -->
