<?xml version="1.0" encoding="UTF-8"?>
<!-- Generated by org.testng.reporters.JUnitReportReporter -->
<testsuite skipped="0" hostname="admin-PC" name="ecom.qa.testclass.logintest" tests="1" failures="0" timestamp="13 Feb 2019 11:46:47 GMT" time="19.618" errors="0">
  <testcase name="namelessmethd" time="19.618" classname="ecom.qa.testclass.logintest"/>
</testsuite> <!-- ecom.qa.testclass.logintest -->
